1600007358339	geckodriver	INFO	Listening on 127.0.0.1:1163
1600007366385	mozrunner::runner	INFO	Running command: "C:\\Program Files (x86)\\Mozilla Firefox\\firefox.exe" "--marionette" "-foreground" "-no-remote" "-profile" "C:\\Users\\marke\\AppData\\Local\\Temp\\rust_mozprofile06ZrNq"
console.error: SearchCache: "_readCacheFile: Error reading cache file:" (new Error("", "(unknown module)"))
JavaScript error: resource://gre/modules/XULStore.jsm, line 66: Error: Can't find profile directory.
1600007386343	Marionette	INFO	Listening on port 1175
1600007386680	Marionette	WARN	TLS certificate errors will be ignored for this session
1600008673230	Marionette	INFO	Stopped listening on port 1175

###!!! [Child][RunMessage] Error: Channel closing: too late to send/recv, messages will be lost


###!!! [Child][MessageChannel::SendAndWait] Error: Channel error: cannot send/recv

1600009581150	geckodriver	INFO	Listening on 127.0.0.1:1489
1600009587050	mozrunner::runner	INFO	Running command: "C:\\Program Files (x86)\\Mozilla Firefox\\firefox.exe" "--marionette" "-foreground" "-no-remote" "-profile" "C:\\Users\\marke\\AppData\\Local\\Temp\\rust_mozprofile7GyV9G"
console.error: SearchCache: "_readCacheFile: Error reading cache file:" (new Error("", "(unknown module)"))
JavaScript error: resource://gre/modules/XULStore.jsm, line 66: Error: Can't find profile directory.
1600009594097	Marionette	INFO	Listening on port 1497
1600009594360	Marionette	WARN	TLS certificate errors will be ignored for this session
console.warn: LoginRecipes: "getRecipes: falling back to a synchronous message for:" "https://auth.band.us"
console.warn: "Got a mutation for an unexpected actor: server0.conn0.child2/domnode98, please file a bug on bugzilla.mozilla.org!"
console.trace: 
resource://devtools/client/fronts/walker.js 285 getMutations
console.warn: "Got a mutation for an unexpected actor: server0.conn0.child2/domnode96, please file a bug on bugzilla.mozilla.org!"
console.trace: 
resource://devtools/client/fronts/walker.js 285 getMutations
console.error: "Error writing request: getGrids"
1600010459424	Marionette	INFO	Stopped listening on port 1497

###!!! [Child][MessageChannel::SendAndWait] Error: Channel error: cannot send/recv

1600010470712	geckodriver	INFO	Listening on 127.0.0.1:1818
1600010474657	mozrunner::runner	INFO	Running command: "C:\\Program Files (x86)\\Mozilla Firefox\\firefox.exe" "--marionette" "-foreground" "-no-remote" "-profile" "C:\\Users\\marke\\AppData\\Local\\Temp\\rust_mozprofilePdBbJS"
JavaScript error: resource://gre/modules/XULStore.jsm, line 66: Error: Can't find profile directory.
console.error: SearchCache: "_readCacheFile: Error reading cache file:" (new Error("", "(unknown module)"))
1600010485238	Marionette	INFO	Listening on port 1827
1600010485819	Marionette	WARN	TLS certificate errors will be ignored for this session
1600010761096	Marionette	INFO	Stopped listening on port 182160
###!!! [Child][MessageChannel::SendAndWait] Error: Channel error: cannot send/recv

efox\\firefox.exe" "--marionette" "-foreground" "-no-remote" "-profile" "C:\\Users\\marke\\AppData\\Local\\Temp\\rust_mozprofileWpnA5N"
console.error: SearchCache: "_readCacheFile: Error reading cache file:" (new Error("", "(unknown module)"))
JavaScript error: resource://gre/modules/XULStore.jsm, line 66: Error: Can't find profile directory.
1600010772586	Marionette	INFO	Listening on port 1978
1600010772970	Marionette	WARN	TLS certificate errors will be ignored for this session
JavaScript error: resource://gre/modules/URIFixup.jsm, line 271: NS_ERROR_FAILURE: Should pass a non-null uri
1600010791370	Marionette	INFO	Stopped listening on port 1978

###!!! [Child][RunMessage] Error: Channel closing: too late to send/recv, messages will be lost


###!!! [Child][MessageChannel::SendAndWait] Error: Channel error: cannot send/recv

1600010827333	geckodriver	INFO	Listening on 127.0.0.1:2045
1600010831161	mozrunner::runner	INFO	Running command: "C:\\Program Files (x86)\\Mozilla Firefox\\firefox.exe" "--marionette" "-foreground" "-no-remote" "-profile" "C:\\Users\\marke\\AppData\\Local\\Temp\\rust_mozprofiler20ZAs"
JavaScript error: resource://gre/modules/XULStore.jsm, line 66: Error: Can't find profile directory.
console.error: SearchCache: "_readCacheFile: Error reading cache file:" (new Error("", "(unknown module)"))
1600010837957	Marionette	INFO	Listening on port 2053
1600010838472	Marionette	WARN	TLS certificate errors will be ignored for this session
1600010887583	Marionette	INFO	Stopped listening on port 2053

###!!! [Child][MessageChannel::SendAndWait] Error: Channel error: cannot send/recv

efox\\firefox.exe" "--marionette" "-foreground" "-no-remote" "-profile" "C:\\Users\\marke\\AppData\\Local\\Temp\\rust_mozprofile7QxxjA"
JavaScript error: resource://gre/modules/XULStore.jsm, line 66: Error: Can't find profile directory.
console.error: SearchCache: "_readCacheFile: Error reading cache file:" (new Error("", "(unknown module)"))
1600010884623	Marionette	INFO	Listening on port 2130
1600010884707	Marionette	WARN	TLS certificate errors will be ignored for this session
1600010912488	Marionette	INFO	Stopped listening on port 2130

###!!! [Child][MessageChannel::SendAndWait] Error: Channel error: cannot send/recv

1600012105433	geckodriver	INFO	Listening on 127.0.0.1:2573
1600012110063	mozrunner::runner	INFO	Running command: "C:\\Program Files (x86)\\Mozilla Firefox\\firefox.exe" "--marionette" "-foreground" "-no-remote" "-profile" "C:\\Users\\marke\\AppData\\Local\\Temp\\rust_mozprofiletL8ZnB"
JavaScript error: resource://gre/modules/XULStore.jsm, line 66: Error: Can't find profile directory.
console.error: SearchCache: "_readCacheFile: Error reading cache file:" (new Error("", "(unknown module)"))
1600012119080	Marionette	INFO	Listening on port 2581
1600012119494	Marionette	WARN	TLS certificate errors will be ignored for this session
1600012728084	Marionette	INFO	Stopped listening on port 258160
###!!! [Child][MessageChannel::SendAndWait] Error: Channel error: cannot send/recv

efox\\firefox.exe" "--marionette" "-foreground" "-no-remote" "-profile" "C:\\Users\\marke\\AppData\\Local\\Temp\\rust_mozprofilelqUqWe"
JavaScript error: resource://gre/modules/XULStore.jsm, line 66: Error: Can't find profile directory.
console.error: SearchCache: "_readCacheFile: Error reading cache file:" (new Error("", "(unknown module)"))
1600012734745	Marionette	INFO	Listening on port 2695
1600012735303	Marionette	WARN	TLS certificate errors will be ignored for this session
1600012780272	Marionette	INFO	Stopped listening on port 2695

###!!! [Child][RunMessage] Error: Channel closing: too late to send/recv, messages will be lost


###!!! [Child][MessageChannel::SendAndWait] Error: Channel error: cannot send/recv

1600012783098	geckodriver	INFO	Listening on 127.0.0.1:2731
1600012786848	mozrunner::runner	INFO	Running command: "C:\\Program Files (x86)\\Mozilla Firefox\\firefox.exe" "--marionette" "-foreground" "-no-remote" "-profile" "C:\\Users\\marke\\AppData\\Local\\Temp\\rust_mozprofileyGVut2"
console.error: SearchCache: "_readCacheFile: Error reading cache file:" (new Error("", "(unknown module)"))
JavaScript error: resource://gre/modules/XULStore.jsm, line 66: Error: Can't find profile directory.
1600012793013	Marionette	INFO	Listening on port 2739
1600012793492	Marionette	WARN	TLS certificate errors will be ignored for this session
1600012914446	Marionette	INFO	Stopped listening on port 2739

###!!! [Child][MessageChannel::SendAndWait] Error: Channel error: cannot send/recv

1600012918327	geckodriver	INFO	Listening on 127.0.0.1:2784
1600012921993	mozrunner::runner	INFO	Running command: "C:\\Program Files (x86)\\Mozilla Firefox\\firefox.exe" "--marionette" "-foreground" "-no-remote" "-profile" "C:\\Users\\marke\\AppData\\Local\\Temp\\rust_mozprofileFYfUsk"
console.error: SearchCache: "_readCacheFile: Error reading cache file:" (new Error("", "(unknown module)"))
JavaScript error: resource://gre/modules/XULStore.jsm, line 66: Error: Can't find profile directory.
1600012928317	Marionette	INFO	Listening on port 2792
1600012928815	Marionette	WARN	TLS certificate errors will be ignored for this session
1600012961764	Marionette	INFO	Stopped listening on port 2792

###!!! [Child][MessageChannel::SendAndWait] Error: Channel error: cannot send/recv

1600013286504	geckodriver	INFO	Listening on 127.0.0.1:2872
1600013290203	mozrunner::runner	INFO	Running command: "C:\\Program Files (x86)\\Mozilla Firefox\\firefox.exe" "--marionette" "-foreground" "-no-remote" "-profile" "C:\\Users\\marke\\AppData\\Local\\Temp\\rust_mozprofilecwmQ1T"
JavaScript error: resource://gre/modules/XULStore.jsm, line 66: Error: Can't find profile directory.
console.error: SearchCache: "_readCacheFile: Error reading cache file:" (new Error("", "(unknown module)"))
1600013295899	Marionette	INFO	Listening on port 2881
1600013296202	Marionette	WARN	TLS certificate errors will be ignored for this session
1600013462803	Marionette	INFO	Stopped listening on port 2881

###!!! [Child][MessageChannel::SendAndWait] Error: Channel error: cannot send/recv

efox\\firefox.exe" "--marionette" "-foreground" "-no-remote" "-profile" "C:\\Users\\marke\\AppData\\Local\\Temp\\rust_mozprofileSnWJBU"
JavaScript error: resource://gre/modules/XULStore.jsm, line 66: Error: Can't find profile directory.
console.error: SearchCache: "_readCacheFile: Error reading cache file:" (new Error("", "(unknown module)"))
1600013461615	Marionette	INFO	Listening on port 2932
1600013461786	Marionette	WARN	TLS certificate errors will be ignored for this session

###!!! [Child][RunMessage] Error: Channel closing: too late to send/recv, messages will be lost

1600013485079	Marionette	INFO	Stopped listening on port 2932

###!!! [Child][MessageChannel::SendAndWait] Error: Channel error: cannot send/recv

1600013565344	geckodriver	INFO	Listening on 127.0.0.1:3026
1600013571210	mozrunner::runner	INFO	Running command: "C:\\Program Files (x86)\\Mozilla Firefox\\firefox.exe" "--marionette" "-foreground" "-no-remote" "-profile" "C:\\Users\\marke\\AppData\\Local\\Temp\\rust_mozprofileoybyOW"
JavaScript error: resource://gre/modules/XULStore.jsm, line 66: Error: Can't find profile directory.
console.error: SearchCache: "_readCacheFile: Error reading cache file:" (new Error("", "(unknown module)"))
1600013582295	Marionette	INFO	Listening on port 3034

###!!! [Child][RunMessage] Error: Channel closing: too late to send/recv, messages will be lost

1600013582816	Marionette	WARN	TLS certificate errors will be ignored for this session
1600013606773	Marionette	INFO	Stopped listening on port 3034

###!!! [Child][MessageChannel::SendAndWait] Error: Channel error: cannot send/recv

1600014388854	geckodriver	INFO	Listening on 127.0.0.1:3246
1600014391948	mozrunner::runner	INFO	Running command: "C:\\Program Files (x86)\\Mozilla Firefox\\firefox.exe" "--marionette" "-foreground" "-no-remote" "-profile" "C:\\Users\\marke\\AppData\\Local\\Temp\\rust_mozprofileDVklrk"
console.error: SearchCache: "_readCacheFile: Error reading cache file:" (new Error("", "(unknown module)"))
JavaScript error: resource://gre/modules/XULStore.jsm, line 66: Error: Can't find profile directory.
1600014398343	Marionette	INFO	Listening on port 3255
1600014398556	Marionette	WARN	TLS certificate errors will be ignored for this session
1600014524274	Marionette	INFO	Stopped listening on port 3255

###!!! [Child][MessageChannel::SendAndWait] Error: Channel error: cannot send/recv

1600014613208	geckodriver	INFO	Listening on 127.0.0.1:3339
1600014616283	mozrunner::runner	INFO	Running command: "C:\\Program Files (x86)\\Mozilla Firefox\\firefox.exe" "--marionette" "-foreground" "-no-remote" "-profile" "C:\\Users\\marke\\AppData\\Local\\Temp\\rust_mozprofileMYhFnJ"
JavaScript error: resource://gre/modules/XULStore.jsm, line 66: Error: Can't find profile directory.
console.error: SearchCache: "_readCacheFile: Error reading cache file:" (new Error("", "(unknown module)"))
1600014622328	Marionette	INFO	Listening on port 3347
1600014622833	Marionette	WARN	TLS certificate errors will be ignored for this session
1600015332960	Marionette	INFO	Stopped listening on port 3347

###!!! [Child][RunMessage] Error: Channel closing: too late to send/recv, messages will be lost


###!!! [Child][MessageChannel::SendAndWait] Error: Channel error: cannot send/recv

ocal\\Temp\\rust_mozprofileGuhsAM"
JavaScript error: resource://gre/modules/XULStore.jsm, line 66: Error: Can't find profile directory.
console.error: SearchCache: "_readCacheFile: Error reading cache file:" (new Error("", "(unknown module)"))
1600015339490	Marionette	INFO	Listening on port 3549
1600015340055	Marionette	WARN	TLS certificate errors will be ignored for this session
1600015700010	Marionette	INFO	Stopped listening on port 3549

###!!! [Child][MessageChannel::SendAndWait] Error: Channel error: cannot send/recv

1600015702235	geckodriver	INFO	Listening on 127.0.0.1:3652
1600015705313	mozrunner::runner	INFO	Running command: "C:\\Program Files (x86)\\Mozilla Firefox\\firefox.exe" "--marionette" "-foreground" "-no-remote" "-profile" "C:\\Users\\marke\\AppData\\Local\\Temp\\rust_mozprofileQOsAjQ"
JavaScript error: resource://gre/modules/XULStore.jsm, line 66: Error: Can't find profile directory.
console.error: SearchCache: "_readCacheFile: Error reading cache file:" (new Error("", "(unknown module)"))
1600015712799	Marionette	INFO	Listening on port 3660
1600015713459	Marionette	WARN	TLS certificate errors will be ignored for this session
1600015982114	Marionette	INFO	Stopped listening on port 3660

###!!! [Child][RunMessage] Error: Channel closing: too late to send/recv, messages will be lost


###!!! [Child][MessageChannel::SendAndWait] Error: Channel error: cannot send/recv

1600015983488	geckodriver	INFO	Listening on 127.0.0.1:3822
1600015986548	mozrunner::runner	INFO	Running command: "C:\\Program Files (x86)\\Mozilla Firefox\\firefox.exe" "--marionette" "-foreground" "-no-remote" "-profile" "C:\\Users\\marke\\AppData\\Local\\Temp\\rust_mozprofilejNpIZ7"
JavaScript error: resource://gre/modules/XULStore.jsm, line 66: Error: Can't find profile directory.
console.error: SearchCache: "_readCacheFile: Error reading cache file:" (new Error("", "(unknown module)"))
1600015992747	Marionette	INFO	Listening on port 3830
1600015993072	Marionette	WARN	TLS certificate errors will be ignored for this session
1600016235833	Marionette	INFO	Stopped listening on port 3830

###!!! [Child][MessageChannel::SendAndWait] Error: Channel error: cannot send/recv

1600016539453	geckodriver	INFO	Listening on 127.0.0.1:4134
1600016542543	mozrunner::runner	INFO	Running command: "C:\\Program Files (x86)\\Mozilla Firefox\\firefox.exe" "--marionette" "-foreground" "-no-remote" "-profile" "C:\\Users\\marke\\AppData\\Local\\Temp\\rust_mozprofileyprilm"
JavaScript error: resource://gre/modules/XULStore.jsm, line 66: Error: Can't find profile directory.
console.error: SearchCache: "_readCacheFile: Error reading cache file:" (new Error("", "(unknown module)"))
1600016548945	Marionette	INFO	Listening on port 4142
1600016549094	Marionette	WARN	TLS certificate errors will be ignored for this session
1600022492909	Marionette	INFO	Stopped listening on port 4142
1600039707002	geckodriver	INFO	Listening on 127.0.0.1:2216
1600039710080	mozrunner::runner	INFO	Running command: "C:\\Program Files (x86)\\Mozilla Firefox\\firefox.exe" "--marionette" "-foreground" "-no-remote" "-profile" "C:\\Users\\marke\\AppData\\Local\\Temp\\rust_mozprofileYw62NB"
JavaScript error: resource://gre/modules/XULStore.jsm, line 66: Error: Can't find profile directory.
console.error: SearchCache: "_readCacheFile: Error reading cache file:" (new Error("", "(unknown module)"))
1600039719327	Marionette	INFO	Listening on port 2224
1600039719663	Marionette	WARN	TLS certificate errors will be ignored for this session
1600039900838	Marionette	INFO	Stopped listening on port 2224

###!!! [Child][MessageChannel::SendAndWait] Error: Channel error: cannot send/recv

1600039911687	geckodriver	INFO	Listening on 127.0.0.1:2418
1600039914750	mozrunner::runner	INFO	Running command: "C:\\Program Files (x86)\\Mozilla Firefox\\firefox.exe" "--marionette" "-foreground" "-no-remote" "-profile" "C:\\Users\\marke\\AppData\\Local\\Temp\\rust_mozprofilepqV0ng"
JavaScript error: resource://gre/modules/XULStore.jsm, line 66: Error: Can't find profile directory.
console.error: SearchCache: "_readCacheFile: Error reading cache file:" (new Error("", "(unknown module)"))
1600039920110	Marionette	INFO	Listening on port 2426
1600039920253	Marionette	WARN	TLS certificate errors will be ignored for this session

###!!! [Child][RunMessage] Error: Channel closing: too late to send/recv, messages will be lost

1600041023587	Marionette	INFO	Stopped listening on port 2426

###!!! [Child][MessageChannel::SendAndWait] Error: Channel error: cannot send/recv

1600041060042	geckodriver	INFO	Listening on 127.0.0.1:4136
1600041063073	mozrunner::runner	INFO	Running command: "C:\\Program Files (x86)\\Mozilla Firefox\\firefox.exe" "--marionette" "-foreground" "-no-remote" "-profile" "C:\\Users\\marke\\AppData\\Local\\Temp\\rust_mozprofile96uM2x"
console.error: SearchCache: "_readCacheFile: Error reading cache file:" (new Error("", "(unknown module)"))
JavaScript error: resource://gre/modules/XULStore.jsm, line 66: Error: Can't find profile directory.
1600041070814	Marionette	INFO	Listening on port 4144
1600041071155	Marionette	WARN	TLS certificate errors will be ignored for this session
1600041177472	Marionette	INFO	Stopped listening on port 4144

###!!! [Child][RunMessage] Error: Channel closing: too late to send/recv, messages will be lost


###!!! [Child][MessageChannel::SendAndWait] Error: Channel error: cannot send/recv

1600041242650	geckodriver	INFO	Listening on 127.0.0.1:9564
1600041245694	mozrunner::runner	INFO	Running command: "C:\\Program Files (x86)\\Mozilla Firefox\\firefox.exe" "--marionette" "-foreground" "-no-remote" "-profile" "C:\\Users\\marke\\AppData\\Local\\Temp\\rust_mozprofilekeBce2"
JavaScript error: resource://gre/modules/XULStore.jsm, line 66: Error: Can't find profile directory.
console.error: SearchCache: "_readCacheFile: Error reading cache file:" (new Error("", "(unknown module)"))
1600041250952	Marionette	INFO	Listening on port 9572
1600041251105	Marionette	WARN	TLS certificate errors will be ignored for this session
1600041426116	Marionette	INFO	Stopped listening on port 9572

###!!! [Child][MessageChannel::SendAndWait] Error: Channel error: cannot send/recv

1600055248265	geckodriver	INFO	Listening on 127.0.0.1:14489
1600055251374	mozrunner::runner	INFO	Running command: "C:\\Program Files (x86)\\Mozilla Firefox\\firefox.exe" "--marionette" "-foreground" "-no-remote" "-profile" "C:\\Users\\marke\\AppData\\Local\\Temp\\rust_mozprofileZPyRw4"
JavaScript error: resource://gre/modules/XULStore.jsm, line 66: Error: Can't find profile directory.
console.error: SearchCache: "_readCacheFile: Error reading cache file:" (new Error("", "(unknown module)"))
1600055259701	Marionette	INFO	Listening on port 14497
1600055260146	Marionette	WARN	TLS certificate errors will be ignored for this session
1600055324112	Marionette	INFO	Stopped listening on port 14497

###!!! [Child][MessageChannel::SendAndWait] Error: Channel error: cannot send/recv


###!!! [Child][RunMessage] Error: Channel closing: too late to send/recv, messages will be lost

1600055353006	geckodriver	INFO	Listening on 127.0.0.1:14568
1600055356053	mozrunner::runner	INFO	Running command: "C:\\Program Files (x86)\\Mozilla Firefox\\firefox.exe" "--marionette" "-foreground" "-no-remote" "-profile" "C:\\Users\\marke\\AppData\\Local\\Temp\\rust_mozprofileOiPalZ"
console.error: SearchCache: "_readCacheFile: Error reading cache file:" (new Error("", "(unknown module)"))
JavaScript error: resource://gre/modules/XULStore.jsm, line 66: Error: Can't find profile directory.
1600055361393	Marionette	INFO	Listening on port 14576
1600055361565	Marionette	WARN	TLS certificate errors will be ignored for this session
JavaScript error: resource://gre/actors/AutoCompleteChild.jsm, line 208: Error: Invalid autocomplete selectedIndex
1600055423845	Marionette	INFO	Stopped listening on port 14576

###!!! [Child][MessageChannel::SendAndWait] Error: Channel error: cannot send/recv

1600056873334	geckodriver	INFO	Listening on 127.0.0.1:14871
1600056876271	mozrunner::runner	INFO	Running command: "C:\\Program Files (x86)\\Mozilla Firefox\\firefox.exe" "--marionette" "-foreground" "-no-remote" "-profile" "C:\\Users\\marke\\AppData\\Local\\Temp\\rust_mozprofile8DFZmQ"
JavaScript error: resource://gre/modules/XULStore.jsm, line 66: Error: Can't find profile directory.
console.error: SearchCache: "_readCacheFile: Error reading cache file:" (new Error("", "(unknown module)"))
console.error: Region.jsm: "Error fetching region" (new TypeError("NetworkError when attempting to fetch resource.", ""))
console.error: Region.jsm: "Failed to fetch region" (new Error("NO_RESULT", "resource://gre/modules/Region.jsm", 343))
1600056880942	Marionette	INFO	Listening on port 14879
1600056881149	Marionette	WARN	TLS certificate errors will be ignored for this session
1600056881712	Marionette	ERROR	[39] No reply from Marionette:Register

###!!! [Child][RunMessage] Error: Channel closing: too late to send/recv, messages will be lost

1600056898059	Marionette	INFO	Stopped listening on port 14879

###!!! [Child][MessageChannel::SendAndWait] Error: Channel error: cannot send/recv

1600056941749	geckodriver	INFO	Listening on 127.0.0.1:14922
1600056944796	mozrunner::runner	INFO	Running command: "C:\\Program Files (x86)\\Mozilla Firefox\\firefox.exe" "--marionette" "-foreground" "-no-remote" "-profile" "C:\\Users\\marke\\AppData\\Local\\Temp\\rust_mozprofilenMy5yy"
JavaScript error: resource://gre/modules/XULStore.jsm, line 66: Error: Can't find profile directory.
console.error: SearchCache: "_readCacheFile: Error reading cache file:" (new Error("", "(unknown module)"))
1600056950354	Marionette	INFO	Listening on port 14930
1600056950737	Marionette	WARN	TLS certificate errors will be ignored for this session
JavaScript error: resource://gre/actors/AutoCompleteChild.jsm, line 208: Error: Invalid autocomplete selectedIndex

###!!! [Child][RunMessage] Error: Channel closing: too late to send/recv, messages will be lost

1600057051298	Marionette	INFO	Stopped listening on port 14930

###!!! [Child][MessageChannel::SendAndWait] Error: Channel error: cannot send/recv

1600057093986	geckodriver	INFO	Listening on 127.0.0.1:1059
1600057097048	mozrunner::runner	INFO	Running command: "C:\\Program Files (x86)\\Mozilla Firefox\\firefox.exe" "--marionette" "-foreground" "-no-remote" "-profile" "C:\\Users\\marke\\AppData\\Local\\Temp\\rust_mozprofileE5MIjt"
console.error: SearchCache: "_readCacheFile: Error reading cache file:" (new Error("", "(unknown module)"))
JavaScript error: resource://gre/modules/XULStore.jsm, line 66: Error: Can't find profile directory.
1600057102874	Marionette	INFO	Listening on port 1067
1600057102900	Marionette	WARN	TLS certificate errors will be ignored for this session
JavaScript error: resource://gre/actors/AutoCompleteChild.jsm, line 208: Error: Invalid autocomplete selectedIndex
1600057384460	Marionette	INFO	Stopped listening on port 1067

###!!! [Child][RunMessage] Error: Channel closing: too late to send/recv, messages will be lost


###!!! [Child][MessageChannel::SendAndWait] Error: Channel error: cannot send/recv

ocal\\Temp\\rust_mozprofileg3in52"
JavaScript error: resource://gre/modules/XULStore.jsm, line 66: Error: Can't find profile directory.
console.error: SearchCache: "_readCacheFile: Error reading cache file:" (new Error("", "(unknown module)"))
1600057243627	Marionette	INFO	Listening on port 1177
1600057244129	Marionette	WARN	TLS certificate errors will be ignored for this session
JavaScript error: resource://gre/actors/AutoCompleteChild.jsm, line 208: Error: Invalid autocomplete selectedIndex
1600057377688	Marionette	INFO	Stopped listening on port 1177

###!!! [Child][RunMessage] Error: Channel closing: too late to send/recv, messages will be lost


###!!! [Child][MessageChannel::SendAndWait] Error: Channel error: cannot send/recv

1600060998106	geckodriver	INFO	Listening on 127.0.0.1:1756
1600061048222	geckodriver	INFO	Listening on 127.0.0.1:1778
1600061051268	mozrunner::runner	INFO	Running command: "C:\\Program Files (x86)\\Mozilla Firefox\\firefox.exe" "--marionette" "-foreground" "-no-remote" "-profile" "C:\\Users\\marke\\AppData\\Local\\Temp\\rust_mozprofilenQmnlQ"
console.error: SearchCache: "_readCacheFile: Error reading cache file:" (new Error("", "(unknown module)"))
JavaScript error: resource://gre/modules/XULStore.jsm, line 66: Error: Can't find profile directory.
1600061061042	Marionette	INFO	Listening on port 1786
1600061061374	Marionette	WARN	TLS certificate errors will be ignored for this session

###!!! [Child][MessageChannel] Error: (msgtype=0x39010F,name=PContent::Msg_AccumulateChildHistograms) Channel closing: too late to send/recv, messages will be lost


###!!! [Child][MessageChannel] Error: (msgtype=0x390114,name=PContent::Msg_RecordDiscardedData) Channel closing: too late to send/recv, messages will be lost

1600061092222	Marionette	INFO	Stopped listening on port 1786

###!!! [Child][RunMessage] Error: Channel closing: too late to send/recv, messages will be lost


###!!! [Child][MessageChannel::SendAndWait] Error: Channel error: cannot send/recv

1600137402753	geckodriver	INFO	Listening on 127.0.0.1:7997
1600137405893	mozrunner::runner	INFO	Running command: "C:\\Program Files (x86)\\Mozilla Firefox\\firefox.exe" "--marionette" "-foreground" "-no-remote" "-profile" "C:\\Users\\marke\\AppData\\Local\\Temp\\rust_mozprofileI5984H"
JavaScript error: resource://gre/modules/XULStore.jsm, line 66: Error: Can't find profile directory.
console.error: SearchCache: "_readCacheFile: Error reading cache file:" (new Error("", "(unknown module)"))
1600137411506	Marionette	INFO	Listening on port 8005
1600137411850	Marionette	WARN	TLS certificate errors will be ignored for this session
1600140719650	Marionette	INFO	Stopped listening on port 8005

###!!! [Child][MessageChannel::SendAndWait] Error: Channel error: cannot send/recv

1600140727442	geckodriver	INFO	Listening on 127.0.0.1:1136
1600140730556	mozrunner::runner	INFO	Running command: "C:\\Program Files (x86)\\Mozilla Firefox\\firefox.exe" "--marionette" "-foreground" "-no-remote" "-profile" "C:\\Users\\marke\\AppData\\Local\\Temp\\rust_mozprofileNepVbv"
console.error: SearchCache: "_readCacheFile: Error reading cache file:" (new Error("", "(unknown module)"))
JavaScript error: resource://gre/modules/XULStore.jsm, line 66: Error: Can't find profile directory.
1600140735370	Marionette	INFO	Listening on port 1144
1600140735452	Marionette	WARN	TLS certificate errors will be ignored for this session
console.error: (new TypeError("parent is null", "resource://devtools/client/inspector/shared/style-change-tracker.js", 67))
TypeError: parent is null: canMutationImpactCurrentStyles@resource://devtools/client/inspector/shared/style-change-tracker.js:67:24
onMutations@resource://devtools/client/inspector/shared/style-change-tracker.js:84:41
_emit@resource://devtools/shared/event-emitter.js:226:34
emit@resource://devtools/shared/event-emitter.js:172:18
emit@resource://devtools/shared/event-emitter.js:324:18
getMutations@resource://devtools/client/fronts/walker.js:406:10

console.error: (new TypeError("nodeFront.walkerFront is null", "resource://devtools/client/inspector/markup/markup.js", 925))
TypeError: nodeFront.walkerFront is null: _onNewSelection@resource://devtools/client/inspector/markup/markup.js:925:7
_emit@resource://devtools/shared/event-emitter.js:226:34
emit@resource://devtools/shared/event-emitter.js:172:18
emit@resource://devtools/shared/event-emitter.js:324:18
setNodeFront@resource://devtools/client/framework/selection.js:161:10
onDetached@resource://devtools/client/inspector/inspector.js:1630:20
_emit@resource://devtools/shared/event-emitter.js:226:34
emit@resource://devtools/shared/event-emitter.js:172:18
emit@resource://devtools/shared/event-emitter.js:324:18
_onMutations@resource://devtools/client/framework/selection.js:104:12
_emit@resource://devtools/shared/event-emitter.js:226:34
emit@resource://devtools/shared/event-emitter.js:172:18
emit@resource://devtools/shared/event-emitter.js:324:18
getMutations@resource://devtools/client/fronts/walker.js:406:10

console.error: (new Error("Can not send request 'getAllSelectors' because front 'domnode' is already destroyed.", "resource://devtools/shared/protocol/Front/FrontClassWithSpec.js", 29))
console.error: (new TypeError("container.node.targetFront is null", "resource://devtools/client/inspector/markup/markup.js", 2271))
console.error: (new TypeError("container.node.targetFront is null", "resource://devtools/client/inspector/markup/markup.js", 2271))
console.error: (new TypeError("container.node.targetFront is null", "resource://devtools/client/inspector/markup/markup.js", 2271))
console.error: (new TypeError("container.node.targetFront is null", "resource://devtools/client/inspector/markup/markup.js", 2271))
console.error: (new TypeError("container.node.targetFront is null", "resource://devtools/client/inspector/markup/markup.js", 2271))
console.error: (new TypeError("container.node.targetFront is null", "resource://devtools/client/inspector/markup/markup.js", 2271))
JavaScript error: resource://devtools/client/inspector/inspector.js, line 1539: TypeError: targetFront is null

###!!! [Child][RunMessage] Error: Channel closing: too late to send/recv, messages will be lost


###!!! [Child][RunMessage] Error: Channel closing: too late to send/recv, messages will be lost


###!!! [Child][RunMessage] Error: Channel closing: too late to send/recv, messages will be lost

1600150988643	Marionette	INFO	Stopped listening on port 1144

###!!! [Child][MessageChannel::SendAndWait] Error: Channel error: cannot send/recv

file:" (new Error("", "(unknown module)"))
1600144048525	Marionette	INFO	Listening on port 7193
1600144048789	Marionette	WARN	TLS certificate errors will be ignored for this session
1600150987535	Marionette	INFO	Stopped listening on port 7193

###!!! [Child][RunMessage] Error: Channel closing: too late to send/recv, messages will be lost


###!!! [Child][MessageChannel::SendAndWait] Error: Channel error: cannot send/recv

1600174902272	geckodriver	INFO	Listening on 127.0.0.1:4782
1600174905353	mozrunner::runner	INFO	Running command: "C:\\Program Files (x86)\\Mozilla Firefox\\firefox.exe" "--marionette" "-foreground" "-no-remote" "-profile" "C:\\Users\\marke\\AppData\\Local\\Temp\\rust_mozprofileSivisy"
console.error: SearchCache: "_readCacheFile: Error reading cache file:" (new Error("", "(unknown module)"))
JavaScript error: resource://gre/modules/XULStore.jsm, line 66: Error: Can't find profile directory.
1600174911312	Marionette	INFO	Listening on port 4792
1600174911733	Marionette	WARN	TLS certificate errors will be ignored for this session
JavaScript error: chrome://marionette/content/proxy.js, line 222: TypeError: this.browser.driver.dialogObserver is null
JavaScript error: chrome://marionette/content/proxy.js, line 222: TypeError: this.browser.driver.dialogObserver is null
1600175628851	Marionette	INFO	Stopped listening on port 4792

###!!! [Child][RunMessage] Error: Channel closing: too late to send/recv, messages will be lost


###!!! [Child][MessageChannel::SendAndWait] Error: Channel error: cannot send/recv

